[2025-11-10 09:24:27,002] [PID 154] [MainThread] [dramatiq.MainProcess] [INFO] Dramatiq '1.16.0' is booting up.
[2025-11-10 09:24:26] - [DEBUG] - [dramatiq.WorkerProcess(0):396]  - Loading modules...
[2025-11-10 09:24:26] - [DEBUG] - [dramatiq.WorkerProcess(0):408]  - Starting worker threads...
[2025-11-10 09:24:26] - [DEBUG] - [dramatiq.worker._WorkerMiddleware:223]  - Adding consumer for queue 'default'.
[2025-11-10 09:24:26] - [DEBUG] - [dramatiq.worker.ConsumerThread(default):248]  - Running consumer thread...
[2025-11-10 09:24:26] - [DEBUG] - [dramatiq.worker._WorkerMiddleware:227]  - Adding consumer for delay queue 'default.DQ'.
[2025-11-10 09:24:26] - [DEBUG] - [dramatiq.worker.ConsumerThread(default.DQ):248]  - Running consumer thread...
[2025-11-10 09:24:26] - [DEBUG] - [dramatiq.worker.WorkerThread:449]  - Running worker thread...
[2025-11-10 09:24:26] - [DEBUG] - [dramatiq.worker.WorkerThread:449]  - Running worker thread...
[2025-11-10 09:24:26] - [DEBUG] - [dramatiq.worker.WorkerThread:449]  - Running worker thread...
[2025-11-10 09:24:26] - [DEBUG] - [dramatiq.worker.WorkerThread:449]  - Running worker thread...
[2025-11-10 09:24:26] - [INFO] - [dramatiq.WorkerProcess(0):423]  - Worker process is ready for action.
[2025-11-10 09:24:26] - [DEBUG] - [dramatiq.WorkerProcess(1):396]  - Loading modules...
[2025-11-10 09:24:26] - [DEBUG] - [dramatiq.WorkerProcess(1):402]  - Sending forks to main process...
[2025-11-10 09:24:26] - [DEBUG] - [dramatiq.WorkerProcess(1):408]  - Starting worker threads...
[2025-11-10 09:24:26] - [DEBUG] - [dramatiq.worker._WorkerMiddleware:223]  - Adding consumer for queue 'default'.
[2025-11-10 09:24:26] - [DEBUG] - [dramatiq.worker.ConsumerThread(default):248]  - Running consumer thread...
[2025-11-10 09:24:26] - [DEBUG] - [dramatiq.worker._WorkerMiddleware:227]  - Adding consumer for delay queue 'default.DQ'.
[2025-11-10 09:24:26] - [DEBUG] - [dramatiq.worker.ConsumerThread(default.DQ):248]  - Running consumer thread...
[2025-11-10 09:24:26] - [DEBUG] - [dramatiq.worker.WorkerThread:449]  - Running worker thread...
[2025-11-10 09:24:26] - [DEBUG] - [dramatiq.worker.WorkerThread:449]  - Running worker thread...
[2025-11-10 09:24:26] - [DEBUG] - [dramatiq.worker.WorkerThread:449]  - Running worker thread...
[2025-11-10 09:24:26] - [DEBUG] - [dramatiq.worker.WorkerThread:449]  - Running worker thread...
[2025-11-10 09:24:26] - [INFO] - [dramatiq.WorkerProcess(1):423]  - Worker process is ready for action.
[2025-11-10 09:24:26] - [DEBUG] - [dramatiq.WorkerProcess(2):396]  - Loading modules...
[2025-11-10 09:24:26] - [DEBUG] - [dramatiq.WorkerProcess(2):408]  - Starting worker threads...
[2025-11-10 09:24:26] - [DEBUG] - [dramatiq.worker._WorkerMiddleware:223]  - Adding consumer for queue 'default'.
[2025-11-10 09:24:26] - [DEBUG] - [dramatiq.worker.ConsumerThread(default):248]  - Running consumer thread...
[2025-11-10 09:24:27] - [DEBUG] - [dramatiq.worker._WorkerMiddleware:227]  - Adding consumer for delay queue 'default.DQ'.
[2025-11-10 09:24:27] - [DEBUG] - [dramatiq.worker.ConsumerThread(default.DQ):248]  - Running consumer thread...
[2025-11-10 09:24:27] - [DEBUG] - [dramatiq.worker.WorkerThread:449]  - Running worker thread...
[2025-11-10 09:24:27] - [DEBUG] - [dramatiq.worker.WorkerThread:449]  - Running worker thread...
[2025-11-10 09:24:27] - [DEBUG] - [dramatiq.worker.WorkerThread:449]  - Running worker thread...
[2025-11-10 09:24:27] - [DEBUG] - [dramatiq.worker.WorkerThread:449]  - Running worker thread...
[2025-11-10 09:24:27] - [INFO] - [dramatiq.WorkerProcess(2):423]  - Worker process is ready for action.
[2025-11-10 09:24:26] - [DEBUG] - [dramatiq.WorkerProcess(3):396]  - Loading modules...
[2025-11-10 09:24:26] - [DEBUG] - [dramatiq.WorkerProcess(3):408]  - Starting worker threads...
[2025-11-10 09:24:26] - [DEBUG] - [dramatiq.worker._WorkerMiddleware:223]  - Adding consumer for queue 'default'.
[2025-11-10 09:24:26] - [DEBUG] - [dramatiq.worker.ConsumerThread(default):248]  - Running consumer thread...
[2025-11-10 09:24:26] - [DEBUG] - [dramatiq.worker._WorkerMiddleware:227]  - Adding consumer for delay queue 'default.DQ'.
[2025-11-10 09:24:26] - [DEBUG] - [dramatiq.worker.ConsumerThread(default.DQ):248]  - Running consumer thread...
[2025-11-10 09:24:26] - [DEBUG] - [dramatiq.worker.WorkerThread:449]  - Running worker thread...
[2025-11-10 09:24:26] - [DEBUG] - [dramatiq.worker.WorkerThread:449]  - Running worker thread...
[2025-11-10 09:24:26] - [DEBUG] - [dramatiq.worker.WorkerThread:449]  - Running worker thread...
[2025-11-10 09:24:26] - [DEBUG] - [dramatiq.worker.WorkerThread:449]  - Running worker thread...
[2025-11-10 09:24:26] - [INFO] - [dramatiq.WorkerProcess(3):423]  - Worker process is ready for action.
[2025-11-10 09:24:26] - [DEBUG] - [dramatiq.WorkerProcess(4):396]  - Loading modules...
[2025-11-10 09:24:26] - [DEBUG] - [dramatiq.WorkerProcess(4):408]  - Starting worker threads...
[2025-11-10 09:24:26] - [DEBUG] - [dramatiq.worker._WorkerMiddleware:223]  - Adding consumer for queue 'default'.
[2025-11-10 09:24:26] - [DEBUG] - [dramatiq.worker.ConsumerThread(default):248]  - Running consumer thread...
[2025-11-10 09:24:26] - [DEBUG] - [dramatiq.worker._WorkerMiddleware:227]  - Adding consumer for delay queue 'default.DQ'.
[2025-11-10 09:24:26] - [DEBUG] - [dramatiq.worker.ConsumerThread(default.DQ):248]  - Running consumer thread...
[2025-11-10 09:24:26] - [DEBUG] - [dramatiq.worker.WorkerThread:449]  - Running worker thread...
[2025-11-10 09:24:26] - [DEBUG] - [dramatiq.worker.WorkerThread:449]  - Running worker thread...
[2025-11-10 09:24:26] - [DEBUG] - [dramatiq.worker.WorkerThread:449]  - Running worker thread...
[2025-11-10 09:24:26] - [DEBUG] - [dramatiq.worker.WorkerThread:449]  - Running worker thread...
[2025-11-10 09:24:26] - [INFO] - [dramatiq.WorkerProcess(4):423]  - Worker process is ready for action.
[2025-11-10 09:24:26] - [DEBUG] - [dramatiq.WorkerProcess(5):396]  - Loading modules...
[2025-11-10 09:24:26] - [DEBUG] - [dramatiq.WorkerProcess(5):408]  - Starting worker threads...
[2025-11-10 09:24:26] - [DEBUG] - [dramatiq.worker._WorkerMiddleware:223]  - Adding consumer for queue 'default'.
[2025-11-10 09:24:26] - [DEBUG] - [dramatiq.worker.ConsumerThread(default):248]  - Running consumer thread...
[2025-11-10 09:24:26] - [DEBUG] - [dramatiq.worker._WorkerMiddleware:227]  - Adding consumer for delay queue 'default.DQ'.
[2025-11-10 09:24:26] - [DEBUG] - [dramatiq.worker.ConsumerThread(default.DQ):248]  - Running consumer thread...
[2025-11-10 09:24:26] - [DEBUG] - [dramatiq.worker.WorkerThread:449]  - Running worker thread...
[2025-11-10 09:24:26] - [DEBUG] - [dramatiq.worker.WorkerThread:449]  - Running worker thread...
[2025-11-10 09:24:26] - [DEBUG] - [dramatiq.worker.WorkerThread:449]  - Running worker thread...
[2025-11-10 09:24:26] - [DEBUG] - [dramatiq.worker.WorkerThread:449]  - Running worker thread...
[2025-11-10 09:24:26] - [INFO] - [dramatiq.WorkerProcess(5):423]  - Worker process is ready for action.
[2025-11-10 09:24:26] - [DEBUG] - [dramatiq.WorkerProcess(6):396]  - Loading modules...
[2025-11-10 09:24:26] - [DEBUG] - [dramatiq.WorkerProcess(6):408]  - Starting worker threads...
[2025-11-10 09:24:26] - [DEBUG] - [dramatiq.worker._WorkerMiddleware:223]  - Adding consumer for queue 'default'.
[2025-11-10 09:24:26] - [DEBUG] - [dramatiq.worker.ConsumerThread(default):248]  - Running consumer thread...
[2025-11-10 09:24:26] - [DEBUG] - [dramatiq.worker._WorkerMiddleware:227]  - Adding consumer for delay queue 'default.DQ'.
[2025-11-10 09:24:26] - [DEBUG] - [dramatiq.worker.ConsumerThread(default.DQ):248]  - Running consumer thread...
[2025-11-10 09:24:26] - [DEBUG] - [dramatiq.worker.WorkerThread:449]  - Running worker thread...
[2025-11-10 09:24:26] - [DEBUG] - [dramatiq.worker.WorkerThread:449]  - Running worker thread...
[2025-11-10 09:24:26] - [DEBUG] - [dramatiq.worker.WorkerThread:449]  - Running worker thread...
[2025-11-10 09:24:26] - [DEBUG] - [dramatiq.worker.WorkerThread:449]  - Running worker thread...
[2025-11-10 09:24:26] - [INFO] - [dramatiq.WorkerProcess(6):423]  - Worker process is ready for action.
[2025-11-10 09:24:26] - [DEBUG] - [dramatiq.WorkerProcess(7):396]  - Loading modules...
[2025-11-10 09:24:26] - [DEBUG] - [dramatiq.WorkerProcess(7):408]  - Starting worker threads...
[2025-11-10 09:24:26] - [DEBUG] - [dramatiq.worker._WorkerMiddleware:223]  - Adding consumer for queue 'default'.
[2025-11-10 09:24:26] - [DEBUG] - [dramatiq.worker.ConsumerThread(default):248]  - Running consumer thread...
[2025-11-10 09:24:26] - [DEBUG] - [dramatiq.worker._WorkerMiddleware:227]  - Adding consumer for delay queue 'default.DQ'.
[2025-11-10 09:24:26] - [DEBUG] - [dramatiq.worker.ConsumerThread(default.DQ):248]  - Running consumer thread...
[2025-11-10 09:24:26] - [DEBUG] - [dramatiq.worker.WorkerThread:449]  - Running worker thread...
[2025-11-10 09:24:26] - [DEBUG] - [dramatiq.worker.WorkerThread:449]  - Running worker thread...
[2025-11-10 09:24:26] - [DEBUG] - [dramatiq.worker.WorkerThread:449]  - Running worker thread...
[2025-11-10 09:24:26] - [DEBUG] - [dramatiq.worker.WorkerThread:449]  - Running worker thread...
[2025-11-10 09:24:26] - [INFO] - [dramatiq.WorkerProcess(7):423]  - Worker process is ready for action.
[2025-11-10 09:44:00] - [CRITICAL] - [dramatiq.worker.ConsumerThread(default.DQ):276]  - Consumer encountered a connection error: Error 111 connecting to oj-redis:6379. Connection refused.
[2025-11-10 09:44:00] - [INFO] - [dramatiq.worker.ConsumerThread(default.DQ):288]  - Restarting consumer in 3.00 seconds.
[2025-11-10 09:44:00] - [ERROR] - [sentry.errors:686]  - Sentry responded with an error: module 'ssl' has no attribute 'wrap_socket' (url: https://sentry.io/api/263057/store/)
Traceback (most recent call last):
  File "/usr/local/lib/python3.12/site-packages/raven/transport/threaded.py", line 165, in send_sync
    super(ThreadedHTTPTransport, self).send(url, data, headers)
  File "/usr/local/lib/python3.12/site-packages/raven/transport/http.py", line 38, in send
    response = urlopen(
               ^^^^^^^^
  File "/usr/local/lib/python3.12/site-packages/raven/utils/http.py", line 66, in urlopen
    return opener.open(url, data, timeout)
           ^^^^^^^^^^^^^^^^^^^^^^^^^^^^^^^
  File "/usr/local/lib/python3.12/urllib/request.py", line 515, in open
    response = self._open(req, data)
               ^^^^^^^^^^^^^^^^^^^^^
  File "/usr/local/lib/python3.12/urllib/request.py", line 532, in _open
    result = self._call_chain(self.handle_open, protocol, protocol +
             ^^^^^^^^^^^^^^^^^^^^^^^^^^^^^^^^^^^^^^^^^^^^^^^^^^^^^^^
  File "/usr/local/lib/python3.12/urllib/request.py", line 492, in _call_chain
    result = func(*args)
             ^^^^^^^^^^^
  File "/usr/local/lib/python3.12/site-packages/raven/utils/http.py", line 46, in https_open
    return self.do_open(ValidHTTPSConnection, req)
           ^^^^^^^^^^^^^^^^^^^^^^^^^^^^^^^^^^^^^^^
  File "/usr/local/lib/python3.12/urllib/request.py", line 1344, in do_open
    h.request(req.get_method(), req.selector, req.data, headers,
  File "/usr/local/lib/python3.12/http/client.py", line 1331, in request
    self._send_request(method, url, body, headers, encode_chunked)
  File "/usr/local/lib/python3.12/http/client.py", line 1377, in _send_request
    self.endheaders(body, encode_chunked=encode_chunked)
  File "/usr/local/lib/python3.12/http/client.py", line 1326, in endheaders
    self._send_output(message_body, encode_chunked=encode_chunked)
  File "/usr/local/lib/python3.12/http/client.py", line 1085, in _send_output
    self.send(msg)
  File "/usr/local/lib/python3.12/http/client.py", line 1029, in send
    self.connect()
  File "/usr/local/lib/python3.12/site-packages/raven/utils/http.py", line 37, in connect
    self.sock = ssl.wrap_socket(
                ^^^^^^^^^^^^^^^
AttributeError: module 'ssl' has no attribute 'wrap_socket'
b"Sentry responded with an error: module 'ssl' has no attribute 'wrap_socket' (url: https://sentry.io/api/263057/store/)"
[2025-11-10 09:44:00] - [ERROR] - [sentry.errors.uncaught:712]  - ['Consumer encountered a connection error: Error 111 connecting to oj-redis:6379. Connection refused.']
b"['Consumer encountered a connection error: Error 111 connecting to oj-redis:6379. Connection refused.']"
[2025-11-10 10:09:04,757] [PID 112] [MainThread] [dramatiq.MainProcess] [INFO] Dramatiq '1.16.0' is booting up.
[2025-11-10 10:09:04] - [DEBUG] - [dramatiq.WorkerProcess(0):396]  - Loading modules...
[2025-11-10 10:09:04] - [DEBUG] - [dramatiq.WorkerProcess(0):408]  - Starting worker threads...
[2025-11-10 10:09:04] - [DEBUG] - [dramatiq.worker._WorkerMiddleware:223]  - Adding consumer for queue 'default'.
[2025-11-10 10:09:04] - [DEBUG] - [dramatiq.worker.ConsumerThread(default):248]  - Running consumer thread...
[2025-11-10 10:09:04] - [DEBUG] - [dramatiq.worker._WorkerMiddleware:227]  - Adding consumer for delay queue 'default.DQ'.
[2025-11-10 10:09:04] - [DEBUG] - [dramatiq.worker.ConsumerThread(default.DQ):248]  - Running consumer thread...
[2025-11-10 10:09:04] - [DEBUG] - [dramatiq.worker.WorkerThread:449]  - Running worker thread...
[2025-11-10 10:09:04] - [DEBUG] - [dramatiq.worker.WorkerThread:449]  - Running worker thread...
[2025-11-10 10:09:04] - [DEBUG] - [dramatiq.worker.WorkerThread:449]  - Running worker thread...
[2025-11-10 10:09:04] - [DEBUG] - [dramatiq.worker.WorkerThread:449]  - Running worker thread...
[2025-11-10 10:09:04] - [INFO] - [dramatiq.WorkerProcess(0):423]  - Worker process is ready for action.
[2025-11-10 10:09:04] - [DEBUG] - [dramatiq.WorkerProcess(1):396]  - Loading modules...
[2025-11-10 10:09:04] - [DEBUG] - [dramatiq.WorkerProcess(1):402]  - Sending forks to main process...
[2025-11-10 10:09:04] - [DEBUG] - [dramatiq.WorkerProcess(1):408]  - Starting worker threads...
[2025-11-10 10:09:04] - [DEBUG] - [dramatiq.worker._WorkerMiddleware:223]  - Adding consumer for queue 'default'.
[2025-11-10 10:09:04] - [DEBUG] - [dramatiq.worker.ConsumerThread(default):248]  - Running consumer thread...
[2025-11-10 10:09:04] - [DEBUG] - [dramatiq.worker._WorkerMiddleware:227]  - Adding consumer for delay queue 'default.DQ'.
[2025-11-10 10:09:04] - [DEBUG] - [dramatiq.worker.ConsumerThread(default.DQ):248]  - Running consumer thread...
[2025-11-10 10:09:04] - [DEBUG] - [dramatiq.worker.WorkerThread:449]  - Running worker thread...
[2025-11-10 10:09:04] - [DEBUG] - [dramatiq.worker.WorkerThread:449]  - Running worker thread...
[2025-11-10 10:09:04] - [DEBUG] - [dramatiq.worker.WorkerThread:449]  - Running worker thread...
[2025-11-10 10:09:04] - [DEBUG] - [dramatiq.worker.WorkerThread:449]  - Running worker thread...
[2025-11-10 10:09:04] - [INFO] - [dramatiq.WorkerProcess(1):423]  - Worker process is ready for action.
[2025-11-10 10:09:04] - [DEBUG] - [dramatiq.WorkerProcess(2):396]  - Loading modules...
[2025-11-10 10:09:04] - [DEBUG] - [dramatiq.WorkerProcess(2):408]  - Starting worker threads...
[2025-11-10 10:09:04] - [DEBUG] - [dramatiq.worker._WorkerMiddleware:223]  - Adding consumer for queue 'default'.
[2025-11-10 10:09:04] - [DEBUG] - [dramatiq.worker.ConsumerThread(default):248]  - Running consumer thread...
[2025-11-10 10:09:04] - [DEBUG] - [dramatiq.worker._WorkerMiddleware:227]  - Adding consumer for delay queue 'default.DQ'.
[2025-11-10 10:09:04] - [DEBUG] - [dramatiq.worker.ConsumerThread(default.DQ):248]  - Running consumer thread...
[2025-11-10 10:09:04] - [DEBUG] - [dramatiq.worker.WorkerThread:449]  - Running worker thread...
[2025-11-10 10:09:04] - [DEBUG] - [dramatiq.worker.WorkerThread:449]  - Running worker thread...
[2025-11-10 10:09:04] - [DEBUG] - [dramatiq.worker.WorkerThread:449]  - Running worker thread...
[2025-11-10 10:09:04] - [DEBUG] - [dramatiq.worker.WorkerThread:449]  - Running worker thread...
[2025-11-10 10:09:04] - [INFO] - [dramatiq.WorkerProcess(2):423]  - Worker process is ready for action.
[2025-11-10 10:09:04] - [DEBUG] - [dramatiq.WorkerProcess(3):396]  - Loading modules...
[2025-11-10 10:09:04] - [DEBUG] - [dramatiq.WorkerProcess(3):408]  - Starting worker threads...
[2025-11-10 10:09:04] - [DEBUG] - [dramatiq.worker._WorkerMiddleware:223]  - Adding consumer for queue 'default'.
[2025-11-10 10:09:04] - [DEBUG] - [dramatiq.worker.ConsumerThread(default):248]  - Running consumer thread...
[2025-11-10 10:09:04] - [DEBUG] - [dramatiq.worker._WorkerMiddleware:227]  - Adding consumer for delay queue 'default.DQ'.
[2025-11-10 10:09:04] - [DEBUG] - [dramatiq.worker.ConsumerThread(default.DQ):248]  - Running consumer thread...
[2025-11-10 10:09:04] - [DEBUG] - [dramatiq.worker.WorkerThread:449]  - Running worker thread...
[2025-11-10 10:09:04] - [DEBUG] - [dramatiq.worker.WorkerThread:449]  - Running worker thread...
[2025-11-10 10:09:04] - [DEBUG] - [dramatiq.worker.WorkerThread:449]  - Running worker thread...
[2025-11-10 10:09:04] - [DEBUG] - [dramatiq.worker.WorkerThread:449]  - Running worker thread...
[2025-11-10 10:09:04] - [INFO] - [dramatiq.WorkerProcess(3):423]  - Worker process is ready for action.
[2025-11-10 10:09:04] - [DEBUG] - [dramatiq.WorkerProcess(4):396]  - Loading modules...
[2025-11-10 10:09:04] - [DEBUG] - [dramatiq.WorkerProcess(4):408]  - Starting worker threads...
[2025-11-10 10:09:04] - [DEBUG] - [dramatiq.worker._WorkerMiddleware:223]  - Adding consumer for queue 'default'.
[2025-11-10 10:09:04] - [DEBUG] - [dramatiq.worker.ConsumerThread(default):248]  - Running consumer thread...
[2025-11-10 10:09:04] - [DEBUG] - [dramatiq.worker._WorkerMiddleware:227]  - Adding consumer for delay queue 'default.DQ'.
[2025-11-10 10:09:04] - [DEBUG] - [dramatiq.worker.ConsumerThread(default.DQ):248]  - Running consumer thread...
[2025-11-10 10:09:04] - [DEBUG] - [dramatiq.worker.WorkerThread:449]  - Running worker thread...
[2025-11-10 10:09:04] - [DEBUG] - [dramatiq.worker.WorkerThread:449]  - Running worker thread...
[2025-11-10 10:09:04] - [DEBUG] - [dramatiq.worker.WorkerThread:449]  - Running worker thread...
[2025-11-10 10:09:04] - [DEBUG] - [dramatiq.worker.WorkerThread:449]  - Running worker thread...
[2025-11-10 10:09:04] - [INFO] - [dramatiq.WorkerProcess(4):423]  - Worker process is ready for action.
[2025-11-10 10:09:04] - [DEBUG] - [dramatiq.WorkerProcess(5):396]  - Loading modules...
[2025-11-10 10:09:04] - [DEBUG] - [dramatiq.WorkerProcess(5):408]  - Starting worker threads...
[2025-11-10 10:09:04] - [DEBUG] - [dramatiq.worker._WorkerMiddleware:223]  - Adding consumer for queue 'default'.
[2025-11-10 10:09:04] - [DEBUG] - [dramatiq.worker.ConsumerThread(default):248]  - Running consumer thread...
[2025-11-10 10:09:04] - [DEBUG] - [dramatiq.worker._WorkerMiddleware:227]  - Adding consumer for delay queue 'default.DQ'.
[2025-11-10 10:09:04] - [DEBUG] - [dramatiq.worker.ConsumerThread(default.DQ):248]  - Running consumer thread...
[2025-11-10 10:09:04] - [DEBUG] - [dramatiq.worker.WorkerThread:449]  - Running worker thread...
[2025-11-10 10:09:04] - [DEBUG] - [dramatiq.worker.WorkerThread:449]  - Running worker thread...
[2025-11-10 10:09:04] - [DEBUG] - [dramatiq.worker.WorkerThread:449]  - Running worker thread...
[2025-11-10 10:09:04] - [DEBUG] - [dramatiq.worker.WorkerThread:449]  - Running worker thread...
[2025-11-10 10:09:04] - [INFO] - [dramatiq.WorkerProcess(5):423]  - Worker process is ready for action.
[2025-11-10 10:09:04] - [DEBUG] - [dramatiq.WorkerProcess(6):396]  - Loading modules...
[2025-11-10 10:09:04] - [DEBUG] - [dramatiq.WorkerProcess(6):408]  - Starting worker threads...
[2025-11-10 10:09:04] - [DEBUG] - [dramatiq.worker._WorkerMiddleware:223]  - Adding consumer for queue 'default'.
[2025-11-10 10:09:04] - [DEBUG] - [dramatiq.worker.ConsumerThread(default):248]  - Running consumer thread...
[2025-11-10 10:09:04] - [DEBUG] - [dramatiq.worker._WorkerMiddleware:227]  - Adding consumer for delay queue 'default.DQ'.
[2025-11-10 10:09:04] - [DEBUG] - [dramatiq.worker.ConsumerThread(default.DQ):248]  - Running consumer thread...
[2025-11-10 10:09:04] - [DEBUG] - [dramatiq.worker.WorkerThread:449]  - Running worker thread...
[2025-11-10 10:09:04] - [DEBUG] - [dramatiq.worker.WorkerThread:449]  - Running worker thread...
[2025-11-10 10:09:04] - [DEBUG] - [dramatiq.worker.WorkerThread:449]  - Running worker thread...
[2025-11-10 10:09:04] - [DEBUG] - [dramatiq.worker.WorkerThread:449]  - Running worker thread...
[2025-11-10 10:09:04] - [INFO] - [dramatiq.WorkerProcess(6):423]  - Worker process is ready for action.
[2025-11-10 10:09:04] - [DEBUG] - [dramatiq.WorkerProcess(7):396]  - Loading modules...
[2025-11-10 10:09:04] - [DEBUG] - [dramatiq.WorkerProcess(7):408]  - Starting worker threads...
[2025-11-10 10:09:04] - [DEBUG] - [dramatiq.worker._WorkerMiddleware:223]  - Adding consumer for queue 'default'.
[2025-11-10 10:09:04] - [DEBUG] - [dramatiq.worker.ConsumerThread(default):248]  - Running consumer thread...
[2025-11-10 10:09:04] - [DEBUG] - [dramatiq.worker._WorkerMiddleware:227]  - Adding consumer for delay queue 'default.DQ'.
[2025-11-10 10:09:04] - [DEBUG] - [dramatiq.worker.ConsumerThread(default.DQ):248]  - Running consumer thread...
[2025-11-10 10:09:04] - [DEBUG] - [dramatiq.worker.WorkerThread:449]  - Running worker thread...
[2025-11-10 10:09:04] - [DEBUG] - [dramatiq.worker.WorkerThread:449]  - Running worker thread...
[2025-11-10 10:09:04] - [DEBUG] - [dramatiq.worker.WorkerThread:449]  - Running worker thread...
[2025-11-10 10:09:04] - [DEBUG] - [dramatiq.worker.WorkerThread:449]  - Running worker thread...
[2025-11-10 10:09:04] - [INFO] - [dramatiq.WorkerProcess(7):423]  - Worker process is ready for action.
[2025-11-10 11:57:18] - [CRITICAL] - [dramatiq.worker.ConsumerThread(default.DQ):276]  - Consumer encountered a connection error: Error 111 connecting to oj-redis:6379. Connection refused.
[2025-11-10 11:57:18] - [CRITICAL] - [dramatiq.worker.ConsumerThread(default):276]  - Consumer encountered a connection error: Error 111 connecting to oj-redis:6379. Connection refused.
[2025-11-10 11:57:18] - [CRITICAL] - [dramatiq.worker.ConsumerThread(default):276]  - Consumer encountered a connection error: Error 111 connecting to oj-redis:6379. Connection refused.
[2025-11-10 11:57:18] - [INFO] - [dramatiq.worker.ConsumerThread(default):288]  - Restarting consumer in 3.00 seconds.
[2025-11-10 11:57:18] - [INFO] - [dramatiq.worker.ConsumerThread(default):288]  - Restarting consumer in 3.00 seconds.
[2025-11-10 11:57:18] - [INFO] - [dramatiq.worker.ConsumerThread(default.DQ):288]  - Restarting consumer in 3.00 seconds.
[2025-11-10 11:57:18] - [ERROR] - [sentry.errors:686]  - Sentry responded with an error: module 'ssl' has no attribute 'wrap_socket' (url: https://sentry.io/api/263057/store/)
Traceback (most recent call last):
  File "/usr/local/lib/python3.12/site-packages/raven/transport/threaded.py", line 165, in send_sync
    super(ThreadedHTTPTransport, self).send(url, data, headers)
  File "/usr/local/lib/python3.12/site-packages/raven/transport/http.py", line 38, in send
    response = urlopen(
               ^^^^^^^^
  File "/usr/local/lib/python3.12/site-packages/raven/utils/http.py", line 66, in urlopen
    return opener.open(url, data, timeout)
           ^^^^^^^^^^^^^^^^^^^^^^^^^^^^^^^
  File "/usr/local/lib/python3.12/urllib/request.py", line 515, in open
    response = self._open(req, data)
               ^^^^^^^^^^^^^^^^^^^^^
  File "/usr/local/lib/python3.12/urllib/request.py", line 532, in _open
    result = self._call_chain(self.handle_open, protocol, protocol +
             ^^^^^^^^^^^^^^^^^^^^^^^^^^^^^^^^^^^^^^^^^^^^^^^^^^^^^^^
  File "/usr/local/lib/python3.12/urllib/request.py", line 492, in _call_chain
    result = func(*args)
             ^^^^^^^^^^^
  File "/usr/local/lib/python3.12/site-packages/raven/utils/http.py", line 46, in https_open
    return self.do_open(ValidHTTPSConnection, req)
           ^^^^^^^^^^^^^^^^^^^^^^^^^^^^^^^^^^^^^^^
  File "/usr/local/lib/python3.12/urllib/request.py", line 1344, in do_open
    h.request(req.get_method(), req.selector, req.data, headers,
  File "/usr/local/lib/python3.12/http/client.py", line 1331, in request
    self._send_request(method, url, body, headers, encode_chunked)
  File "/usr/local/lib/python3.12/http/client.py", line 1377, in _send_request
    self.endheaders(body, encode_chunked=encode_chunked)
  File "/usr/local/lib/python3.12/http/client.py", line 1326, in endheaders
    self._send_output(message_body, encode_chunked=encode_chunked)
  File "/usr/local/lib/python3.12/http/client.py", line 1085, in _send_output
    self.send(msg)
  File "/usr/local/lib/python3.12/http/client.py", line 1029, in send
    self.connect()
  File "/usr/local/lib/python3.12/site-packages/raven/utils/http.py", line 37, in connect
    self.sock = ssl.wrap_socket(
                ^^^^^^^^^^^^^^^
AttributeError: module 'ssl' has no attribute 'wrap_socket'
b"Sentry responded with an error: module 'ssl' has no attribute 'wrap_socket' (url: https://sentry.io/api/263057/store/)"
[2025-11-10 11:57:18] - [ERROR] - [sentry.errors.uncaught:712]  - ['Consumer encountered a connection error: Error 111 connecting to oj-redis:6379. Connection refused.']
b"['Consumer encountered a connection error: Error 111 connecting to oj-redis:6379. Connection refused.']"
[2025-11-10 11:57:18] - [ERROR] - [sentry.errors:686]  - Sentry responded with an error: module 'ssl' has no attribute 'wrap_socket' (url: https://sentry.io/api/263057/store/)
Traceback (most recent call last):
  File "/usr/local/lib/python3.12/site-packages/raven/transport/threaded.py", line 165, in send_sync
    super(ThreadedHTTPTransport, self).send(url, data, headers)
  File "/usr/local/lib/python3.12/site-packages/raven/transport/http.py", line 38, in send
    response = urlopen(
               ^^^^^^^^
  File "/usr/local/lib/python3.12/site-packages/raven/utils/http.py", line 66, in urlopen
    return opener.open(url, data, timeout)
           ^^^^^^^^^^^^^^^^^^^^^^^^^^^^^^^
  File "/usr/local/lib/python3.12/urllib/request.py", line 515, in open
    response = self._open(req, data)
               ^^^^^^^^^^^^^^^^^^^^^
  File "/usr/local/lib/python3.12/urllib/request.py", line 532, in _open
    result = self._call_chain(self.handle_open, protocol, protocol +
             ^^^^^^^^^^^^^^^^^^^^^^^^^^^^^^^^^^^^^^^^^^^^^^^^^^^^^^^
  File "/usr/local/lib/python3.12/urllib/request.py", line 492, in _call_chain
    result = func(*args)
             ^^^^^^^^^^^
  File "/usr/local/lib/python3.12/site-packages/raven/utils/http.py", line 46, in https_open
    return self.do_open(ValidHTTPSConnection, req)
           ^^^^^^^^^^^^^^^^^^^^^^^^^^^^^^^^^^^^^^^
  File "/usr/local/lib/python3.12/urllib/request.py", line 1344, in do_open
    h.request(req.get_method(), req.selector, req.data, headers,
  File "/usr/local/lib/python3.12/http/client.py", line 1331, in request
    self._send_request(method, url, body, headers, encode_chunked)
  File "/usr/local/lib/python3.12/http/client.py", line 1377, in _send_request
    self.endheaders(body, encode_chunked=encode_chunked)
  File "/usr/local/lib/python3.12/http/client.py", line 1326, in endheaders
    self._send_output(message_body, encode_chunked=encode_chunked)
  File "/usr/local/lib/python3.12/http/client.py", line 1085, in _send_output
    self.send(msg)
  File "/usr/local/lib/python3.12/http/client.py", line 1029, in send
    self.connect()
  File "/usr/local/lib/python3.12/site-packages/raven/utils/http.py", line 37, in connect
    self.sock = ssl.wrap_socket(
                ^^^^^^^^^^^^^^^
AttributeError: module 'ssl' has no attribute 'wrap_socket'
b"Sentry responded with an error: module 'ssl' has no attribute 'wrap_socket' (url: https://sentry.io/api/263057/store/)"
[2025-11-10 11:57:18] - [ERROR] - [sentry.errors.uncaught:712]  - ['Consumer encountered a connection error: Error 111 connecting to oj-redis:6379. Connection refused.']
[2025-11-10 11:57:18] - [ERROR] - [sentry.errors:686]  - Sentry responded with an error: module 'ssl' has no attribute 'wrap_socket' (url: https://sentry.io/api/263057/store/)
Traceback (most recent call last):
  File "/usr/local/lib/python3.12/site-packages/raven/transport/threaded.py", line 165, in send_sync
    super(ThreadedHTTPTransport, self).send(url, data, headers)
  File "/usr/local/lib/python3.12/site-packages/raven/transport/http.py", line 38, in send
    response = urlopen(
               ^^^^^^^^
  File "/usr/local/lib/python3.12/site-packages/raven/utils/http.py", line 66, in urlopen
    return opener.open(url, data, timeout)
           ^^^^^^^^^^^^^^^^^^^^^^^^^^^^^^^
  File "/usr/local/lib/python3.12/urllib/request.py", line 515, in open
    response = self._open(req, data)
               ^^^^^^^^^^^^^^^^^^^^^
  File "/usr/local/lib/python3.12/urllib/request.py", line 532, in _open
    result = self._call_chain(self.handle_open, protocol, protocol +
             ^^^^^^^^^^^^^^^^^^^^^^^^^^^^^^^^^^^^^^^^^^^^^^^^^^^^^^^
  File "/usr/local/lib/python3.12/urllib/request.py", line 492, in _call_chain
    result = func(*args)
             ^^^^^^^^^^^
  File "/usr/local/lib/python3.12/site-packages/raven/utils/http.py", line 46, in https_open
    return self.do_open(ValidHTTPSConnection, req)
           ^^^^^^^^^^^^^^^^^^^^^^^^^^^^^^^^^^^^^^^
  File "/usr/local/lib/python3.12/urllib/request.py", line 1344, in do_open
    h.request(req.get_method(), req.selector, req.data, headers,
  File "/usr/local/lib/python3.12/http/client.py", line 1331, in request
    self._send_request(method, url, body, headers, encode_chunked)
  File "/usr/local/lib/python3.12/http/client.py", line 1377, in _send_request
    self.endheaders(body, encode_chunked=encode_chunked)
  File "/usr/local/lib/python3.12/http/client.py", line 1326, in endheaders
    self._send_output(message_body, encode_chunked=encode_chunked)
  File "/usr/local/lib/python3.12/http/client.py", line 1085, in _send_output
    self.send(msg)
  File "/usr/local/lib/python3.12/http/client.py", line 1029, in send
    self.connect()
  File "/usr/local/lib/python3.12/site-packages/raven/utils/http.py", line 37, in connect
    self.sock = ssl.wrap_socket(
                ^^^^^^^^^^^^^^^
AttributeError: module 'ssl' has no attribute 'wrap_socket'
b"Sentry responded with an error: module 'ssl' has no attribute 'wrap_socket' (url: https://sentry.io/api/263057/store/)"
[2025-11-10 11:57:18] - [ERROR] - [sentry.errors.uncaught:712]  - ['Consumer encountered a connection error: Error 111 connecting to oj-redis:6379. Connection refused.']
b"['Consumer encountered a connection error: Error 111 connecting to oj-redis:6379. Connection refused.']"
b"['Consumer encountered a connection error: Error 111 connecting to oj-redis:6379. Connection refused.']"
[2025-11-11 06:59:02,466] [PID 121] [MainThread] [dramatiq.MainProcess] [INFO] Dramatiq '1.16.0' is booting up.
[2025-11-11 06:59:02] - [DEBUG] - [dramatiq.WorkerProcess(0):396]  - Loading modules...
[2025-11-11 06:59:02] - [DEBUG] - [dramatiq.WorkerProcess(0):402]  - Sending forks to main process...
[2025-11-11 06:59:02] - [DEBUG] - [dramatiq.WorkerProcess(0):408]  - Starting worker threads...
[2025-11-11 06:59:02] - [DEBUG] - [dramatiq.worker._WorkerMiddleware:223]  - Adding consumer for queue 'default'.
[2025-11-11 06:59:02] - [DEBUG] - [dramatiq.worker.ConsumerThread(default):248]  - Running consumer thread...
[2025-11-11 06:59:02] - [DEBUG] - [dramatiq.worker._WorkerMiddleware:227]  - Adding consumer for delay queue 'default.DQ'.
[2025-11-11 06:59:02] - [DEBUG] - [dramatiq.worker.ConsumerThread(default.DQ):248]  - Running consumer thread...
[2025-11-11 06:59:02] - [DEBUG] - [dramatiq.worker.WorkerThread:449]  - Running worker thread...
[2025-11-11 06:59:02] - [DEBUG] - [dramatiq.worker.WorkerThread:449]  - Running worker thread...
[2025-11-11 06:59:02] - [DEBUG] - [dramatiq.worker.WorkerThread:449]  - Running worker thread...
[2025-11-11 06:59:02] - [DEBUG] - [dramatiq.worker.WorkerThread:449]  - Running worker thread...
[2025-11-11 06:59:02] - [INFO] - [dramatiq.WorkerProcess(0):423]  - Worker process is ready for action.
[2025-11-11 06:59:02] - [DEBUG] - [dramatiq.WorkerProcess(1):396]  - Loading modules...
[2025-11-11 06:59:02] - [DEBUG] - [dramatiq.WorkerProcess(1):408]  - Starting worker threads...
[2025-11-11 06:59:02] - [DEBUG] - [dramatiq.worker._WorkerMiddleware:223]  - Adding consumer for queue 'default'.
[2025-11-11 06:59:02] - [DEBUG] - [dramatiq.worker.ConsumerThread(default):248]  - Running consumer thread...
[2025-11-11 06:59:02] - [DEBUG] - [dramatiq.worker._WorkerMiddleware:227]  - Adding consumer for delay queue 'default.DQ'.
[2025-11-11 06:59:02] - [DEBUG] - [dramatiq.worker.ConsumerThread(default.DQ):248]  - Running consumer thread...
[2025-11-11 06:59:02] - [DEBUG] - [dramatiq.worker.WorkerThread:449]  - Running worker thread...
[2025-11-11 06:59:02] - [DEBUG] - [dramatiq.worker.WorkerThread:449]  - Running worker thread...
[2025-11-11 06:59:02] - [DEBUG] - [dramatiq.worker.WorkerThread:449]  - Running worker thread...
[2025-11-11 06:59:02] - [DEBUG] - [dramatiq.worker.WorkerThread:449]  - Running worker thread...
[2025-11-11 06:59:02] - [INFO] - [dramatiq.WorkerProcess(1):423]  - Worker process is ready for action.
[2025-11-11 06:59:02] - [DEBUG] - [dramatiq.WorkerProcess(2):396]  - Loading modules...
[2025-11-11 06:59:02] - [DEBUG] - [dramatiq.WorkerProcess(2):408]  - Starting worker threads...
[2025-11-11 06:59:02] - [DEBUG] - [dramatiq.worker._WorkerMiddleware:223]  - Adding consumer for queue 'default'.
[2025-11-11 06:59:02] - [DEBUG] - [dramatiq.worker.ConsumerThread(default):248]  - Running consumer thread...
[2025-11-11 06:59:02] - [DEBUG] - [dramatiq.worker._WorkerMiddleware:227]  - Adding consumer for delay queue 'default.DQ'.
[2025-11-11 06:59:02] - [DEBUG] - [dramatiq.worker.ConsumerThread(default.DQ):248]  - Running consumer thread...
[2025-11-11 06:59:02] - [DEBUG] - [dramatiq.worker.WorkerThread:449]  - Running worker thread...
[2025-11-11 06:59:02] - [DEBUG] - [dramatiq.worker.WorkerThread:449]  - Running worker thread...
[2025-11-11 06:59:02] - [DEBUG] - [dramatiq.worker.WorkerThread:449]  - Running worker thread...
[2025-11-11 06:59:02] - [DEBUG] - [dramatiq.worker.WorkerThread:449]  - Running worker thread...
[2025-11-11 06:59:02] - [INFO] - [dramatiq.WorkerProcess(2):423]  - Worker process is ready for action.
[2025-11-11 06:59:02] - [DEBUG] - [dramatiq.WorkerProcess(3):396]  - Loading modules...
[2025-11-11 06:59:02] - [DEBUG] - [dramatiq.WorkerProcess(3):408]  - Starting worker threads...
[2025-11-11 06:59:02] - [DEBUG] - [dramatiq.worker._WorkerMiddleware:223]  - Adding consumer for queue 'default'.
[2025-11-11 06:59:02] - [DEBUG] - [dramatiq.worker.ConsumerThread(default):248]  - Running consumer thread...
[2025-11-11 06:59:02] - [DEBUG] - [dramatiq.worker._WorkerMiddleware:227]  - Adding consumer for delay queue 'default.DQ'.
[2025-11-11 06:59:02] - [DEBUG] - [dramatiq.worker.ConsumerThread(default.DQ):248]  - Running consumer thread...
[2025-11-11 06:59:02] - [DEBUG] - [dramatiq.worker.WorkerThread:449]  - Running worker thread...
[2025-11-11 06:59:02] - [DEBUG] - [dramatiq.worker.WorkerThread:449]  - Running worker thread...
[2025-11-11 06:59:02] - [DEBUG] - [dramatiq.worker.WorkerThread:449]  - Running worker thread...
[2025-11-11 06:59:02] - [DEBUG] - [dramatiq.worker.WorkerThread:449]  - Running worker thread...
[2025-11-11 06:59:02] - [INFO] - [dramatiq.WorkerProcess(3):423]  - Worker process is ready for action.
[2025-11-11 06:59:02] - [DEBUG] - [dramatiq.WorkerProcess(4):396]  - Loading modules...
[2025-11-11 06:59:02] - [DEBUG] - [dramatiq.WorkerProcess(4):408]  - Starting worker threads...
[2025-11-11 06:59:02] - [DEBUG] - [dramatiq.worker._WorkerMiddleware:223]  - Adding consumer for queue 'default'.
[2025-11-11 06:59:02] - [DEBUG] - [dramatiq.worker.ConsumerThread(default):248]  - Running consumer thread...
[2025-11-11 06:59:02] - [DEBUG] - [dramatiq.worker._WorkerMiddleware:227]  - Adding consumer for delay queue 'default.DQ'.
[2025-11-11 06:59:02] - [DEBUG] - [dramatiq.worker.ConsumerThread(default.DQ):248]  - Running consumer thread...
[2025-11-11 06:59:02] - [DEBUG] - [dramatiq.worker.WorkerThread:449]  - Running worker thread...
[2025-11-11 06:59:02] - [DEBUG] - [dramatiq.worker.WorkerThread:449]  - Running worker thread...
[2025-11-11 06:59:02] - [DEBUG] - [dramatiq.worker.WorkerThread:449]  - Running worker thread...
[2025-11-11 06:59:02] - [DEBUG] - [dramatiq.worker.WorkerThread:449]  - Running worker thread...
[2025-11-11 06:59:02] - [INFO] - [dramatiq.WorkerProcess(4):423]  - Worker process is ready for action.
[2025-11-11 06:59:02] - [DEBUG] - [dramatiq.WorkerProcess(5):396]  - Loading modules...
[2025-11-11 06:59:02] - [DEBUG] - [dramatiq.WorkerProcess(5):408]  - Starting worker threads...
[2025-11-11 06:59:02] - [DEBUG] - [dramatiq.worker._WorkerMiddleware:223]  - Adding consumer for queue 'default'.
[2025-11-11 06:59:02] - [DEBUG] - [dramatiq.worker.ConsumerThread(default):248]  - Running consumer thread...
[2025-11-11 06:59:02] - [DEBUG] - [dramatiq.worker._WorkerMiddleware:227]  - Adding consumer for delay queue 'default.DQ'.
[2025-11-11 06:59:02] - [DEBUG] - [dramatiq.worker.ConsumerThread(default.DQ):248]  - Running consumer thread...
[2025-11-11 06:59:02] - [DEBUG] - [dramatiq.worker.WorkerThread:449]  - Running worker thread...
[2025-11-11 06:59:02] - [DEBUG] - [dramatiq.worker.WorkerThread:449]  - Running worker thread...
[2025-11-11 06:59:02] - [DEBUG] - [dramatiq.worker.WorkerThread:449]  - Running worker thread...
[2025-11-11 06:59:02] - [DEBUG] - [dramatiq.worker.WorkerThread:449]  - Running worker thread...
[2025-11-11 06:59:02] - [INFO] - [dramatiq.WorkerProcess(5):423]  - Worker process is ready for action.
[2025-11-11 06:59:02] - [DEBUG] - [dramatiq.WorkerProcess(6):396]  - Loading modules...
[2025-11-11 06:59:02] - [DEBUG] - [dramatiq.WorkerProcess(6):408]  - Starting worker threads...
[2025-11-11 06:59:02] - [DEBUG] - [dramatiq.worker._WorkerMiddleware:223]  - Adding consumer for queue 'default'.
[2025-11-11 06:59:02] - [DEBUG] - [dramatiq.worker.ConsumerThread(default):248]  - Running consumer thread...
[2025-11-11 06:59:02] - [DEBUG] - [dramatiq.worker._WorkerMiddleware:227]  - Adding consumer for delay queue 'default.DQ'.
[2025-11-11 06:59:02] - [DEBUG] - [dramatiq.worker.ConsumerThread(default.DQ):248]  - Running consumer thread...
[2025-11-11 06:59:02] - [DEBUG] - [dramatiq.worker.WorkerThread:449]  - Running worker thread...
[2025-11-11 06:59:02] - [DEBUG] - [dramatiq.worker.WorkerThread:449]  - Running worker thread...
[2025-11-11 06:59:02] - [DEBUG] - [dramatiq.worker.WorkerThread:449]  - Running worker thread...
[2025-11-11 06:59:02] - [DEBUG] - [dramatiq.worker.WorkerThread:449]  - Running worker thread...
[2025-11-11 06:59:02] - [INFO] - [dramatiq.WorkerProcess(6):423]  - Worker process is ready for action.
[2025-11-11 06:59:02] - [DEBUG] - [dramatiq.WorkerProcess(7):396]  - Loading modules...
[2025-11-11 06:59:02] - [DEBUG] - [dramatiq.WorkerProcess(7):408]  - Starting worker threads...
[2025-11-11 06:59:02] - [DEBUG] - [dramatiq.worker._WorkerMiddleware:223]  - Adding consumer for queue 'default'.
[2025-11-11 06:59:02] - [DEBUG] - [dramatiq.worker.ConsumerThread(default):248]  - Running consumer thread...
[2025-11-11 06:59:02] - [DEBUG] - [dramatiq.worker._WorkerMiddleware:227]  - Adding consumer for delay queue 'default.DQ'.
[2025-11-11 06:59:02] - [DEBUG] - [dramatiq.worker.ConsumerThread(default.DQ):248]  - Running consumer thread...
[2025-11-11 06:59:02] - [DEBUG] - [dramatiq.worker.WorkerThread:449]  - Running worker thread...
[2025-11-11 06:59:02] - [DEBUG] - [dramatiq.worker.WorkerThread:449]  - Running worker thread...
[2025-11-11 06:59:02] - [DEBUG] - [dramatiq.worker.WorkerThread:449]  - Running worker thread...
[2025-11-11 06:59:02] - [DEBUG] - [dramatiq.worker.WorkerThread:449]  - Running worker thread...
[2025-11-11 06:59:02] - [INFO] - [dramatiq.WorkerProcess(7):423]  - Worker process is ready for action.
