2025-11-10 09:24:24,007 CRIT Supervisor is running as root.  Privileges were not dropped because no user is specified in the config file.  If you intend to run as root, you can set user=root in the config file to avoid this message.
2025-11-10 09:24:24,024 INFO RPC interface 'supervisor' initialized
2025-11-10 09:24:24,024 CRIT Server 'inet_http_server' running without any HTTP authentication checking
2025-11-10 09:24:24,025 INFO supervisord started with pid 1
2025-11-10 09:24:24,971 INFO spawned: 'dramatiq' with pid 154
2025-11-10 09:24:24,978 INFO spawned: 'gunicorn' with pid 155
2025-11-10 09:24:24,985 INFO spawned: 'nginx' with pid 156
2025-11-10 09:24:30,009 INFO success: dramatiq entered RUNNING state, process has stayed up for > than 5 seconds (startsecs)
2025-11-10 09:24:30,010 INFO success: gunicorn entered RUNNING state, process has stayed up for > than 5 seconds (startsecs)
2025-11-10 09:24:30,010 INFO success: nginx entered RUNNING state, process has stayed up for > than 5 seconds (startsecs)
2025-11-10 09:44:00,595 WARN received SIGTERM indicating exit request
2025-11-10 09:44:00,595 INFO waiting for dramatiq, gunicorn, nginx to die
2025-11-10 09:44:00,669 INFO stopped: nginx (exit status 0)
2025-11-10 10:09:02,189 CRIT Supervisor is running as root.  Privileges were not dropped because no user is specified in the config file.  If you intend to run as root, you can set user=root in the config file to avoid this message.
2025-11-10 10:09:02,202 INFO RPC interface 'supervisor' initialized
2025-11-10 10:09:02,203 CRIT Server 'inet_http_server' running without any HTTP authentication checking
2025-11-10 10:09:02,204 INFO supervisord started with pid 1
2025-11-10 10:09:03,244 INFO spawned: 'dramatiq' with pid 112
2025-11-10 10:09:03,264 INFO spawned: 'gunicorn' with pid 113
2025-11-10 10:09:03,269 INFO spawned: 'nginx' with pid 114
2025-11-10 10:09:09,059 INFO success: dramatiq entered RUNNING state, process has stayed up for > than 5 seconds (startsecs)
2025-11-10 10:09:09,060 INFO success: gunicorn entered RUNNING state, process has stayed up for > than 5 seconds (startsecs)
2025-11-10 10:09:09,061 INFO success: nginx entered RUNNING state, process has stayed up for > than 5 seconds (startsecs)
2025-11-10 11:57:18,379 WARN received SIGTERM indicating exit request
2025-11-10 11:57:18,381 INFO waiting for dramatiq, gunicorn, nginx to die
2025-11-10 11:57:18,452 INFO stopped: nginx (exit status 0)
2025-11-11 06:58:59,531 CRIT Supervisor is running as root.  Privileges were not dropped because no user is specified in the config file.  If you intend to run as root, you can set user=root in the config file to avoid this message.
2025-11-11 06:58:59,548 INFO RPC interface 'supervisor' initialized
2025-11-11 06:58:59,549 CRIT Server 'inet_http_server' running without any HTTP authentication checking
2025-11-11 06:58:59,550 INFO supervisord started with pid 1
2025-11-11 06:59:00,590 INFO spawned: 'dramatiq' with pid 121
2025-11-11 06:59:00,616 INFO spawned: 'gunicorn' with pid 122
2025-11-11 06:59:00,621 INFO spawned: 'nginx' with pid 123
2025-11-11 06:59:06,423 INFO success: dramatiq entered RUNNING state, process has stayed up for > than 5 seconds (startsecs)
2025-11-11 06:59:06,423 INFO success: gunicorn entered RUNNING state, process has stayed up for > than 5 seconds (startsecs)
2025-11-11 06:59:06,424 INFO success: nginx entered RUNNING state, process has stayed up for > than 5 seconds (startsecs)
