[2025-11-10 09:23:55 +0000] [1] [INFO] Starting gunicorn 21.2.0
[2025-11-10 09:23:55 +0000] [1] [INFO] Listening at: http://0.0.0.0:8080 (1)
[2025-11-10 09:23:55 +0000] [1] [INFO] Using worker: gthread
[2025-11-10 09:23:55 +0000] [14] [INFO] Booting worker with pid: 14
[2025-11-10 09:23:55 +0000] [15] [INFO] Booting worker with pid: 15
[2025-11-10 09:23:55 +0000] [16] [INFO] Booting worker with pid: 16
[2025-11-10 09:23:55 +0000] [17] [INFO] Booting worker with pid: 17
[2025-11-10 09:23:55 +0000] [18] [INFO] Booting worker with pid: 18
[2025-11-10 09:23:55 +0000] [19] [INFO] Booting worker with pid: 19
[2025-11-10 09:23:55 +0000] [20] [INFO] Booting worker with pid: 20
[2025-11-10 09:23:55 +0000] [21] [INFO] Booting worker with pid: 21
[2025-11-10 09:44:00 +0000] [1] [INFO] Handling signal: term
[2025-11-10 09:44:01 +0000] [16] [INFO] Worker exiting (pid: 16)
[2025-11-10 09:44:01 +0000] [15] [INFO] Worker exiting (pid: 15)
[2025-11-10 09:44:01 +0000] [14] [INFO] Worker exiting (pid: 14)
[2025-11-10 09:44:01 +0000] [17] [INFO] Worker exiting (pid: 17)
[2025-11-10 09:44:01 +0000] [18] [INFO] Worker exiting (pid: 18)
[2025-11-10 09:44:01 +0000] [19] [INFO] Worker exiting (pid: 19)
[2025-11-10 09:44:01 +0000] [20] [INFO] Worker exiting (pid: 20)
[2025-11-10 09:44:01 +0000] [21] [INFO] Worker exiting (pid: 21)
[2025-11-10 09:44:01 +0000] [1] [INFO] Shutting down: Master
[2025-11-10 10:08:56 +0000] [1] [INFO] Starting gunicorn 21.2.0
[2025-11-10 10:08:56 +0000] [1] [INFO] Listening at: http://0.0.0.0:8080 (1)
[2025-11-10 10:08:56 +0000] [1] [INFO] Using worker: gthread
[2025-11-10 10:08:56 +0000] [13] [INFO] Booting worker with pid: 13
[2025-11-10 10:08:56 +0000] [14] [INFO] Booting worker with pid: 14
[2025-11-10 10:08:56 +0000] [15] [INFO] Booting worker with pid: 15
[2025-11-10 10:08:56 +0000] [16] [INFO] Booting worker with pid: 16
[2025-11-10 10:08:56 +0000] [17] [INFO] Booting worker with pid: 17
[2025-11-10 10:08:56 +0000] [18] [INFO] Booting worker with pid: 18
[2025-11-10 10:08:57 +0000] [19] [INFO] Booting worker with pid: 19
[2025-11-10 10:08:57 +0000] [20] [INFO] Booting worker with pid: 20
[2025-11-10 11:57:18 +0000] [1] [INFO] Handling signal: term
[2025-11-10 11:57:18 +0000] [15] [INFO] Worker exiting (pid: 15)
[2025-11-10 11:57:18 +0000] [18] [INFO] Worker exiting (pid: 18)
[2025-11-10 11:57:18 +0000] [17] [INFO] Worker exiting (pid: 17)
[2025-11-10 11:57:18 +0000] [19] [INFO] Worker exiting (pid: 19)
[2025-11-10 11:57:18 +0000] [13] [INFO] Worker exiting (pid: 13)
[2025-11-10 11:57:19 +0000] [20] [INFO] Worker exiting (pid: 20)
[2025-11-10 11:57:19 +0000] [14] [INFO] Worker exiting (pid: 14)
[2025-11-10 11:57:19 +0000] [16] [INFO] Worker exiting (pid: 16)
[2025-11-11 06:58:54 +0000] [1] [INFO] Starting gunicorn 21.2.0
[2025-11-11 06:58:54 +0000] [1] [INFO] Listening at: http://0.0.0.0:8080 (1)
[2025-11-11 06:58:54 +0000] [1] [INFO] Using worker: gthread
[2025-11-11 06:58:54 +0000] [14] [INFO] Booting worker with pid: 14
[2025-11-11 06:58:54 +0000] [15] [INFO] Booting worker with pid: 15
[2025-11-11 06:58:54 +0000] [16] [INFO] Booting worker with pid: 16
[2025-11-11 06:58:54 +0000] [17] [INFO] Booting worker with pid: 17
[2025-11-11 06:58:54 +0000] [18] [INFO] Booting worker with pid: 18
[2025-11-11 06:58:54 +0000] [19] [INFO] Booting worker with pid: 19
[2025-11-11 06:58:54 +0000] [20] [INFO] Booting worker with pid: 20
[2025-11-11 06:58:54 +0000] [21] [INFO] Booting worker with pid: 21
